22.05.2021 18:13:31.915 [Thread-1] INFO   b.floors.EndFloor - пассажир стал в очередь на низ на 7 этаже
22.05.2021 18:13:32.914 [Thread-0] INFO   building.Elevator - лифт вызывается на 7 этаж
22.05.2021 18:13:38.919 [Thread-1] INFO   b.f.StandardFloor - пассажир встал в очередь на низ на 6 этаже
22.05.2021 18:13:39.917 [Thread-0] INFO   building.Elevator - лифт вызывается на 6 этаж
22.05.2021 18:13:45.920 [Thread-1] INFO   b.f.StandardFloor - пассажир встал в очередь на верх на 4 этаже
22.05.2021 18:13:50.916 [Thread-2] INFO   building.Elevator - лифт №1 приехал на 7 этаж
22.05.2021 18:13:53.919 [Thread-2] WARN   building.Elevator - в лифт №1 на 7 этаже входит пассажир
22.05.2021 18:13:56.919 [Thread-1] INFO   b.f.StandardFloor - пассажир встал в очередь на верх на 3 этаже
22.05.2021 18:13:59.919 [Thread-3] INFO   building.Elevator - лифт №2 приехал на 6 этаж
22.05.2021 18:14:02.920 [Thread-3] WARN   building.Elevator - в лифт №2 на 6 этаже входит пассажир
22.05.2021 18:14:05.921 [Thread-1] INFO   b.f.StandardFloor - пассажир встал в очередь на низ на 3 этаже
22.05.2021 18:14:11.921 [Thread-3] INFO   building.Elevator - лифт №2 приехал на 4 этаж
22.05.2021 18:14:14.921 [Thread-3] WARN   building.Elevator - пассажир покинул лифт №2 на 4 этаже
22.05.2021 18:14:17.954 [Thread-0] INFO   building.Elevator - лифт вызывается на 4 этаж
22.05.2021 18:14:17.955 [Thread-1] INFO   b.f.StandardFloor - пассажир встал в очередь на низ на 4 этаже
22.05.2021 18:14:20.955 [Thread-3] INFO   building.Elevator - лифт №2 приехал на 4 этаж
22.05.2021 18:14:23.955 [Thread-3] WARN   building.Elevator - в лифт №2 на 4 этаже входит пассажир
22.05.2021 18:14:24.955 [Thread-1] INFO   b.f.StandardFloor - пассажир встал в очередь на низ на 4 этаже
22.05.2021 18:14:26.956 [Thread-2] INFO   building.Elevator - лифт №1 приехал на 1 этаж
22.05.2021 18:14:29.956 [Thread-2] WARN   building.Elevator - пассажир покинул лифт №1 на 1 этаже
22.05.2021 18:14:32.958 [Thread-0] INFO   building.Elevator - лифт вызывается на 3 этаж
22.05.2021 18:14:32.958 [Thread-1] INFO   b.f.StandardFloor - пассажир встал в очередь на верх на 6 этаже
22.05.2021 18:14:35.959 [Thread-3] INFO   building.Elevator - лифт №2 приехал на 6 этаж
22.05.2021 18:14:38.959 [Thread-3] WARN   building.Elevator - пассажир покинул лифт №2 на 6 этаже
22.05.2021 18:14:38.960 [Thread-3] WARN   building.Elevator - в лифт №2 на 6 этаже входит пассажир
22.05.2021 18:14:41.961 [Thread-1] INFO   b.floors.EndFloor - пассажир стал в очередь на низ на 7 этаже
22.05.2021 18:14:41.961 [Thread-0] INFO   building.Elevator - лифт вызывается на 3 этаж
22.05.2021 18:14:41.962 [Thread-2] INFO   building.Elevator - лифт №1 приехал на 3 этаж
22.05.2021 18:14:44.962 [Thread-2] WARN   building.Elevator - в лифт №1 на 3 этаже входит пассажир
22.05.2021 18:14:47.963 [Thread-0] INFO   building.Elevator - лифт вызывается на 4 этаж
22.05.2021 18:14:47.963 [Thread-3] INFO   building.Elevator - лифт №2 приехал на 7 этаж
22.05.2021 18:14:50.964 [Thread-3] WARN   building.Elevator - пассажир покинул лифт №2 на 7 этаже
22.05.2021 18:14:50.965 [Thread-3] WARN   building.Elevator - в лифт №2 на 7 этаже входит пассажир
22.05.2021 18:14:53.966 [Thread-2] INFO   building.Elevator - лифт №1 приехал на 4 этаж
22.05.2021 18:14:56.966 [Thread-2] WARN   building.Elevator - в лифт №1 на 4 этаже входит пассажир
22.05.2021 18:14:59.967 [Thread-1] INFO   b.floors.FirstFloor - пассажир встал в очередь на верх на 1 этаже
22.05.2021 18:14:59.967 [Thread-3] INFO   building.Elevator - лифт №2 приехал на 6 этаж
22.05.2021 18:15:02.967 [Thread-3] WARN   building.Elevator - пассажир покинул лифт №2 на 6 этаже
22.05.2021 18:15:06.967 [Thread-1] INFO   b.f.StandardFloor - пассажир встал в очередь на низ на 6 этаже
22.05.2021 18:15:08.969 [Thread-2] INFO   building.Elevator - лифт №1 приехал на 6 этаж
22.05.2021 18:15:11.969 [Thread-2] WARN   building.Elevator - пассажир покинул лифт №1 на 6 этаже
22.05.2021 18:15:11.970 [Thread-2] WARN   building.Elevator - в лифт №1 на 6 этаже входит пассажир
22.05.2021 18:15:13.968 [Thread-1] INFO   b.f.StandardFloor - пассажир встал в очередь на низ на 3 этаже
22.05.2021 18:15:17.971 [Thread-3] INFO   building.Elevator - лифт №2 приехал на 3 этаж
22.05.2021 18:15:20.972 [Thread-3] WARN   building.Elevator - в лифт №2 на 3 этаже входит пассажир
22.05.2021 18:15:20.973 [Thread-3] WARN   building.Elevator - в лифт №2 на 3 этаже входит пассажир
22.05.2021 18:15:23.973 [Thread-1] INFO   b.f.StandardFloor - пассажир встал в очередь на низ на 5 этаже
22.05.2021 18:15:26.973 [Thread-3] INFO   building.Elevator - лифт №2 приехал на 2 этаж
22.05.2021 18:15:29.974 [Thread-3] WARN   building.Elevator - пассажир покинул лифт №2 на 2 этаже
22.05.2021 18:15:29.975 [Thread-3] WARN   building.Elevator - пассажир покинул лифт №2 на 2 этаже
22.05.2021 18:15:32.977 [Thread-0] INFO   building.Elevator - лифт вызывается на 6 этаж
22.05.2021 18:15:32.977 [Thread-1] INFO   b.f.StandardFloor - пассажир встал в очередь на верх на 2 этаже
22.05.2021 18:15:35.977 [Thread-2] INFO   building.Elevator - лифт №1 приехал на 3 этаж
22.05.2021 18:15:38.978 [Thread-2] WARN   building.Elevator - пассажир покинул лифт №1 на 3 этаже
22.05.2021 18:15:39.977 [Thread-1] INFO   b.f.StandardFloor - пассажир встал в очередь на верх на 2 этаже
22.05.2021 18:15:46.978 [Thread-1] INFO   b.f.StandardFloor - пассажир встал в очередь на низ на 6 этаже
22.05.2021 18:15:47.979 [Thread-2] INFO   building.Elevator - лифт №1 приехал на 1 этаж
22.05.2021 18:15:50.979 [Thread-2] WARN   building.Elevator - пассажир покинул лифт №1 на 1 этаже
22.05.2021 18:15:50.980 [Thread-2] WARN   building.Elevator - в лифт №1 на 1 этаже входит пассажир
22.05.2021 18:15:53.978 [Thread-1] INFO   b.f.StandardFloor - пассажир встал в очередь на низ на 5 этаже
22.05.2021 18:15:53.980 [Thread-0] INFO   building.Elevator - лифт вызывается на 7 этаж
22.05.2021 18:15:56.981 [Thread-3] INFO   building.Elevator - лифт №2 приехал на 6 этаж
22.05.2021 18:16:00.979 [Thread-1] INFO   b.f.StandardFloor - пассажир встал в очередь на низ на 6 этаже
22.05.2021 18:16:02.982 [Thread-0] INFO   building.Elevator - лифт вызывается на 4 этаж
22.05.2021 18:16:07.979 [Thread-1] INFO   b.f.StandardFloor - пассажир встал в очередь на низ на 6 этаже
22.05.2021 18:16:08.983 [Thread-2] INFO   building.Elevator - лифт №1 приехал на 5 этаж
22.05.2021 18:16:11.983 [Thread-2] WARN   building.Elevator - пассажир покинул лифт №1 на 5 этаже
22.05.2021 18:16:11.984 [Thread-2] WARN   building.Elevator - в лифт №1 на 5 этаже входит пассажир
22.05.2021 18:16:11.985 [Thread-2] WARN   building.Elevator - в лифт №1 на 5 этаже входит пассажир
22.05.2021 18:16:14.985 [Thread-1] INFO   b.floors.FirstFloor - пассажир встал в очередь на верх на 1 этаже
22.05.2021 18:16:14.985 [Thread-3] INFO   building.Elevator - лифт №2 приехал на 4 этаж
22.05.2021 18:16:17.986 [Thread-3] WARN   building.Elevator - в лифт №2 на 4 этаже входит пассажир
22.05.2021 18:16:21.986 [Thread-1] INFO   b.f.StandardFloor - пассажир встал в очередь на верх на 2 этаже
22.05.2021 18:16:23.986 [Thread-2] INFO   building.Elevator - лифт №1 приехал на 7 этаж
22.05.2021 18:16:29.987 [Thread-1] INFO   b.f.StandardFloor - пассажир встал в очередь на верх на 3 этаже
22.05.2021 18:16:32.987 [Thread-3] INFO   building.Elevator - лифт №2 приехал на 2 этаж
22.05.2021 18:16:35.987 [Thread-3] WARN   building.Elevator - пассажир покинул лифт №2 на 2 этаже
22.05.2021 18:16:38.988 [Thread-0] INFO   building.Elevator - лифт вызывается на 1 этаж
22.05.2021 18:16:38.988 [Thread-1] INFO   b.f.StandardFloor - пассажир встал в очередь на низ на 3 этаже
22.05.2021 18:16:41.989 [Thread-3] INFO   building.Elevator - лифт №2 приехал на 1 этаж
22.05.2021 18:16:44.989 [Thread-3] WARN   building.Elevator - в лифт №2 на 1 этаже входит пассажир
22.05.2021 18:16:47.990 [Thread-1] INFO   b.f.StandardFloor - пассажир встал в очередь на верх на 5 этаже
22.05.2021 18:16:47.990 [Thread-0] INFO   building.Elevator - лифт вызывается на 6 этаж
22.05.2021 18:16:47.990 [Thread-2] INFO   building.Elevator - лифт №1 приехал на 3 этаж
22.05.2021 18:16:50.991 [Thread-2] WARN   building.Elevator - пассажир покинул лифт №1 на 3 этаже
22.05.2021 18:16:50.992 [Thread-2] WARN   building.Elevator - в лифт №1 на 3 этаже входит пассажир
22.05.2021 18:16:54.990 [Thread-1] INFO   b.floors.EndFloor - пассажир стал в очередь на низ на 7 этаже
22.05.2021 18:16:56.992 [Thread-2] INFO   building.Elevator - лифт №1 приехал на 2 этаж
22.05.2021 18:16:59.992 [Thread-2] WARN   building.Elevator - пассажир покинул лифт №1 на 2 этаже
22.05.2021 18:17:01.991 [Thread-1] INFO   b.f.StandardFloor - пассажир встал в очередь на верх на 2 этаже
22.05.2021 18:17:05.994 [Thread-2] INFO   building.Elevator - лифт №1 приехал на 1 этаж
22.05.2021 18:17:08.994 [Thread-2] WARN   building.Elevator - пассажир покинул лифт №1 на 1 этаже
22.05.2021 18:17:11.995 [Thread-0] INFO   building.Elevator - лифт вызывается на 5 этаж
22.05.2021 18:17:11.995 [Thread-1] INFO   b.f.StandardFloor - пассажир встал в очередь на верх на 6 этаже
22.05.2021 18:17:17.996 [Thread-3] INFO   building.Elevator - лифт №2 приехал на 6 этаж
22.05.2021 18:17:18.996 [Thread-1] INFO   b.floors.EndFloor - пассажир стал в очередь на низ на 7 этаже
22.05.2021 18:17:20.996 [Thread-3] WARN   building.Elevator - в лифт №2 на 6 этаже входит пассажир
22.05.2021 18:17:20.997 [Thread-3] WARN   building.Elevator - в лифт №2 на 6 этаже входит пассажир
22.05.2021 18:17:25.996 [Thread-1] INFO   b.floors.EndFloor - пассажир стал в очередь на низ на 7 этаже
22.05.2021 18:17:26.997 [Thread-3] INFO   building.Elevator - лифт №2 приехал на 7 этаж
22.05.2021 18:17:29.997 [Thread-3] WARN   building.Elevator - пассажир покинул лифт №2 на 7 этаже
22.05.2021 18:17:29.998 [Thread-3] WARN   building.Elevator - в лифт №2 на 7 этаже входит пассажир
22.05.2021 18:17:32.999 [Thread-1] INFO   b.floors.FirstFloor - пассажир встал в очередь на верх на 1 этаже
22.05.2021 18:17:32.999 [Thread-2] INFO   building.Elevator - лифт №1 приехал на 5 этаж
22.05.2021 18:17:38.999 [Thread-0] INFO   building.Elevator - лифт вызывается на 2 этаж
22.05.2021 18:17:39.999 [Thread-1] INFO   b.f.StandardFloor - пассажир встал в очередь на низ на 4 этаже
22.05.2021 18:17:45.000 [Thread-3] INFO   building.Elevator - лифт №2 приехал на 4 этаж
22.05.2021 18:17:47.000 [Thread-1] INFO   b.floors.EndFloor - пассажир стал в очередь на низ на 7 этаже
22.05.2021 18:17:48.000 [Thread-3] WARN   building.Elevator - пассажир покинул лифт №2 на 4 этаже
22.05.2021 18:17:48.001 [Thread-3] WARN   building.Elevator - в лифт №2 на 4 этаже входит пассажир
22.05.2021 18:17:54.000 [Thread-1] INFO   b.f.StandardFloor - пассажир встал в очередь на верх на 2 этаже
22.05.2021 18:17:54.002 [Thread-3] INFO   building.Elevator - лифт №2 приехал на 3 этаж
22.05.2021 18:17:57.002 [Thread-3] WARN   building.Elevator - пассажир покинул лифт №2 на 3 этаже
22.05.2021 18:17:57.003 [Thread-3] WARN   building.Elevator - пассажир покинул лифт №2 на 3 этаже
22.05.2021 18:17:57.005 [Thread-3] WARN   building.Elevator - пассажир покинул лифт №2 на 3 этаже
22.05.2021 18:18:00.005 [Thread-0] INFO   building.Elevator - лифт вызывается на 6 этаж
22.05.2021 18:18:00.006 [Thread-2] INFO   building.Elevator - лифт №1 приехал на 2 этаж
22.05.2021 18:18:01.001 [Thread-1] INFO   b.f.StandardFloor - пассажир встал в очередь на низ на 6 этаже
22.05.2021 18:18:03.006 [Thread-2] WARN   building.Elevator - в лифт №1 на 2 этаже входит пассажир
22.05.2021 18:18:03.007 [Thread-2] WARN   building.Elevator - в лифт №1 на 2 этаже входит пассажир
22.05.2021 18:18:06.007 [Thread-0] INFO   building.Elevator - лифт вызывается на 1 этаж
22.05.2021 18:18:08.001 [Thread-1] INFO   b.f.StandardFloor - пассажир встал в очередь на низ на 6 этаже
22.05.2021 18:18:09.007 [Thread-2] INFO   building.Elevator - лифт №1 приехал на 3 этаж
22.05.2021 18:18:12.008 [Thread-2] WARN   building.Elevator - пассажир покинул лифт №1 на 3 этаже
22.05.2021 18:18:12.009 [Thread-2] WARN   building.Elevator - в лифт №1 на 3 этаже входит пассажир
22.05.2021 18:18:15.009 [Thread-1] INFO   b.f.StandardFloor - пассажир встал в очередь на верх на 3 этаже
22.05.2021 18:18:18.009 [Thread-2] INFO   building.Elevator - лифт №1 приехал на 4 этаж
22.05.2021 18:18:21.010 [Thread-2] WARN   building.Elevator - пассажир покинул лифт №1 на 4 этаже
22.05.2021 18:18:22.010 [Thread-1] INFO   b.f.StandardFloor - пассажир встал в очередь на верх на 2 этаже
22.05.2021 18:18:27.011 [Thread-3] INFO   building.Elevator - лифт №2 приехал на 6 этаж
22.05.2021 18:18:29.010 [Thread-1] INFO   b.f.StandardFloor - пассажир встал в очередь на верх на 6 этаже
22.05.2021 18:18:30.011 [Thread-3] WARN   building.Elevator - в лифт №2 на 6 этаже входит пассажир
22.05.2021 18:18:30.011 [Thread-3] WARN   building.Elevator - в лифт №2 на 6 этаже входит пассажир
22.05.2021 18:18:30.011 [Thread-3] WARN   building.Elevator - в лифт №2 на 6 этаже входит пассажир
22.05.2021 18:18:36.010 [Thread-1] INFO   b.f.StandardFloor - пассажир встал в очередь на верх на 2 этаже
22.05.2021 18:18:39.012 [Thread-2] INFO   building.Elevator - лифт №1 приехал на 7 этаж
22.05.2021 18:18:42.012 [Thread-2] WARN   building.Elevator - пассажир покинул лифт №1 на 7 этаже
22.05.2021 18:18:42.013 [Thread-2] WARN   building.Elevator - в лифт №1 на 7 этаже входит пассажир
22.05.2021 18:18:42.013 [Thread-2] WARN   building.Elevator - в лифт №1 на 7 этаже входит пассажир
22.05.2021 18:18:42.013 [Thread-2] WARN   building.Elevator - в лифт №1 на 7 этаже входит пассажир
22.05.2021 18:18:45.014 [Thread-3] INFO   building.Elevator - лифт №2 приехал на 3 этаж
22.05.2021 18:18:45.014 [Thread-1] INFO   b.f.StandardFloor - пассажир встал в очередь на низ на 6 этаже
22.05.2021 18:18:48.014 [Thread-3] WARN   building.Elevator - пассажир покинул лифт №2 на 3 этаже
22.05.2021 18:18:52.014 [Thread-1] INFO   b.floors.EndFloor - пассажир стал в очередь на низ на 7 этаже
22.05.2021 18:18:54.015 [Thread-2] INFO   building.Elevator - лифт №1 приехал на 5 этаж
22.05.2021 18:18:57.015 [Thread-2] WARN   building.Elevator - пассажир покинул лифт №1 на 5 этаже
22.05.2021 18:18:57.016 [Thread-2] WARN   building.Elevator - пассажир покинул лифт №1 на 5 этаже
22.05.2021 18:18:57.018 [Thread-2] WARN   building.Elevator - в лифт №1 на 5 этаже входит пассажир
22.05.2021 18:19:00.018 [Thread-3] INFO   building.Elevator - лифт №2 приехал на 2 этаж
22.05.2021 18:19:00.018 [Thread-1] INFO   b.f.StandardFloor - пассажир встал в очередь на низ на 3 этаже
22.05.2021 18:19:03.019 [Thread-3] WARN   building.Elevator - пассажир покинул лифт №2 на 2 этаже
22.05.2021 18:19:03.020 [Thread-3] WARN   building.Elevator - пассажир покинул лифт №2 на 2 этаже
22.05.2021 18:19:06.022 [Thread-0] INFO   building.Elevator - лифт вызывается на 3 этаж
22.05.2021 18:19:07.019 [Thread-1] INFO   b.f.StandardFloor - пассажир встал в очередь на низ на 5 этаже
22.05.2021 18:19:09.022 [Thread-3] INFO   building.Elevator - лифт №2 приехал на 3 этаж
22.05.2021 18:19:12.022 [Thread-3] WARN   building.Elevator - в лифт №2 на 3 этаже входит пассажир
22.05.2021 18:19:14.019 [Thread-1] INFO   b.floors.FirstFloor - пассажир встал в очередь на верх на 1 этаже
22.05.2021 18:19:15.023 [Thread-0] INFO   building.Elevator - лифт вызывается на 3 этаж
22.05.2021 18:19:15.023 [Thread-2] INFO   building.Elevator - лифт №1 приехал на 7 этаж
22.05.2021 18:19:18.023 [Thread-2] WARN   building.Elevator - пассажир покинул лифт №1 на 7 этаже
22.05.2021 18:19:18.024 [Thread-2] WARN   building.Elevator - в лифт №1 на 7 этаже входит пассажир
22.05.2021 18:19:21.024 [Thread-1] INFO   b.floors.EndFloor - пассажир стал в очередь на низ на 7 этаже
22.05.2021 18:19:27.025 [Thread-2] INFO   building.Elevator - лифт №1 приехал на 5 этаж
22.05.2021 18:19:30.025 [Thread-2] WARN   building.Elevator - пассажир покинул лифт №1 на 5 этаже
22.05.2021 18:19:33.026 [Thread-1] INFO   b.f.StandardFloor - пассажир встал в очередь на верх на 3 этаже
22.05.2021 18:19:36.026 [Thread-3] INFO   building.Elevator - лифт №2 приехал на 7 этаж
22.05.2021 18:19:39.026 [Thread-3] WARN   building.Elevator - пассажир покинул лифт №2 на 7 этаже
22.05.2021 18:19:39.027 [Thread-3] WARN   building.Elevator - в лифт №2 на 7 этаже входит пассажир
22.05.2021 18:19:40.026 [Thread-1] INFO   b.f.StandardFloor - пассажир встал в очередь на низ на 3 этаже
22.05.2021 18:19:45.027 [Thread-3] INFO   building.Elevator - лифт №2 приехал на 6 этаж
22.05.2021 18:19:48.028 [Thread-3] WARN   building.Elevator - пассажир покинул лифт №2 на 6 этаже
22.05.2021 18:19:48.029 [Thread-3] WARN   building.Elevator - в лифт №2 на 6 этаже входит пассажир
22.05.2021 18:19:51.029 [Thread-2] INFO   building.Elevator - лифт №1 приехал на 2 этаж
22.05.2021 18:19:51.029 [Thread-1] INFO   b.floors.EndFloor - пассажир стал в очередь на низ на 7 этаже
22.05.2021 18:19:54.029 [Thread-2] WARN   building.Elevator - пассажир покинул лифт №1 на 2 этаже
22.05.2021 18:19:54.030 [Thread-2] WARN   building.Elevator - в лифт №1 на 2 этаже входит пассажир
22.05.2021 18:19:54.030 [Thread-2] WARN   building.Elevator - в лифт №1 на 2 этаже входит пассажир
22.05.2021 18:19:57.030 [Thread-3] INFO   building.Elevator - лифт №2 приехал на 5 этаж
22.05.2021 18:20:00.030 [Thread-3] WARN   building.Elevator - пассажир покинул лифт №2 на 5 этаже
22.05.2021 18:20:00.031 [Thread-3] WARN   building.Elevator - в лифт №2 на 5 этаже входит пассажир
22.05.2021 18:20:03.032 [Thread-2] INFO   building.Elevator - лифт №1 приехал на 3 этаж
22.05.2021 18:20:06.032 [Thread-2] WARN   building.Elevator - пассажир покинул лифт №1 на 3 этаже
22.05.2021 18:20:06.033 [Thread-2] WARN   building.Elevator - пассажир покинул лифт №1 на 3 этаже
22.05.2021 18:20:06.034 [Thread-2] WARN   building.Elevator - в лифт №1 на 3 этаже входит пассажир
22.05.2021 18:20:09.035 [Thread-1] INFO   b.f.StandardFloor - пассажир встал в очередь на верх на 5 этаже
22.05.2021 18:20:12.035 [Thread-3] INFO   building.Elevator - лифт №2 приехал на 3 этаж
22.05.2021 18:20:15.035 [Thread-3] WARN   building.Elevator - пассажир покинул лифт №2 на 3 этаже
22.05.2021 18:20:15.036 [Thread-3] WARN   building.Elevator - в лифт №2 на 3 этаже входит пассажир
22.05.2021 18:20:15.036 [Thread-3] WARN   building.Elevator - в лифт №2 на 3 этаже входит пассажир
22.05.2021 18:20:18.036 [Thread-1] INFO   b.f.StandardFloor - пассажир встал в очередь на низ на 6 этаже
22.05.2021 18:20:21.036 [Thread-3] INFO   building.Elevator - лифт №2 приехал на 2 этаж
22.05.2021 18:20:24.036 [Thread-3] WARN   building.Elevator - пассажир покинул лифт №2 на 2 этаже
22.05.2021 18:20:25.036 [Thread-1] INFO   b.f.StandardFloor - пассажир встал в очередь на верх на 2 этаже
22.05.2021 18:20:27.048 [Thread-2] INFO   building.Elevator - лифт №1 приехал на 6 этаж
22.05.2021 18:20:30.048 [Thread-2] WARN   building.Elevator - пассажир покинул лифт №1 на 6 этаже
22.05.2021 18:20:30.049 [Thread-2] WARN   building.Elevator - в лифт №1 на 6 этаже входит пассажир
22.05.2021 18:20:30.049 [Thread-2] WARN   building.Elevator - в лифт №1 на 6 этаже входит пассажир
22.05.2021 18:20:33.049 [Thread-3] INFO   building.Elevator - лифт №2 приехал на 1 этаж
22.05.2021 18:20:33.049 [Thread-1] INFO   b.f.StandardFloor - пассажир встал в очередь на низ на 4 этаже
22.05.2021 18:20:36.050 [Thread-3] WARN   building.Elevator - пассажир покинул лифт №2 на 1 этаже
22.05.2021 18:20:36.050 [Thread-3] WARN   building.Elevator - в лифт №2 на 1 этаже входит пассажир
22.05.2021 18:20:36.050 [Thread-3] WARN   building.Elevator - в лифт №2 на 1 этаже входит пассажир
22.05.2021 18:20:39.051 [Thread-2] INFO   building.Elevator - лифт №1 приехал на 7 этаж
22.05.2021 18:20:40.050 [Thread-1] INFO   b.floors.EndFloor - пассажир стал в очередь на низ на 7 этаже
22.05.2021 18:20:42.051 [Thread-2] WARN   building.Elevator - пассажир покинул лифт №1 на 7 этаже
22.05.2021 18:20:42.051 [Thread-2] WARN   building.Elevator - пассажир покинул лифт №1 на 7 этаже
22.05.2021 18:20:42.053 [Thread-2] WARN   building.Elevator - в лифт №1 на 7 этаже входит пассажир
22.05.2021 18:20:42.053 [Thread-2] WARN   building.Elevator - в лифт №1 на 7 этаже входит пассажир
22.05.2021 18:20:45.054 [Thread-3] INFO   building.Elevator - лифт №2 приехал на 2 этаж
22.05.2021 18:20:48.054 [Thread-3] WARN   building.Elevator - пассажир покинул лифт №2 на 2 этаже
22.05.2021 18:20:51.054 [Thread-1] INFO   b.floors.EndFloor - пассажир стал в очередь на низ на 7 этаже
22.05.2021 18:20:57.055 [Thread-3] INFO   building.Elevator - лифт №2 приехал на 4 этаж
22.05.2021 18:21:00.055 [Thread-3] WARN   building.Elevator - пассажир покинул лифт №2 на 4 этаже
22.05.2021 18:21:00.056 [Thread-3] WARN   building.Elevator - в лифт №2 на 4 этаже входит пассажир
22.05.2021 18:21:03.056 [Thread-2] INFO   building.Elevator - лифт №1 приехал на 4 этаж
22.05.2021 18:21:03.056 [Thread-1] INFO   b.floors.FirstFloor - пассажир встал в очередь на верх на 1 этаже
22.05.2021 18:21:06.057 [Thread-2] WARN   building.Elevator - пассажир покинул лифт №1 на 4 этаже
22.05.2021 18:21:09.057 [Thread-3] INFO   building.Elevator - лифт №2 приехал на 3 этаж
22.05.2021 18:21:10.057 [Thread-1] INFO   b.f.StandardFloor - пассажир встал в очередь на верх на 5 этаже
22.05.2021 18:21:12.058 [Thread-3] WARN   building.Elevator - пассажир покинул лифт №2 на 3 этаже
22.05.2021 18:21:15.059 [Thread-0] INFO   building.Elevator - лифт вызывается на 5 этаж
22.05.2021 18:21:15.059 [Thread-2] INFO   building.Elevator - лифт №1 приехал на 3 этаж
22.05.2021 18:21:17.057 [Thread-1] INFO   b.f.StandardFloor - пассажир встал в очередь на верх на 5 этаже
22.05.2021 18:21:18.059 [Thread-2] WARN   building.Elevator - пассажир покинул лифт №1 на 3 этаже
22.05.2021 18:21:24.057 [Thread-1] INFO   b.f.StandardFloor - пассажир встал в очередь на низ на 4 этаже
22.05.2021 18:21:27.060 [Thread-2] INFO   building.Elevator - лифт №1 приехал на 1 этаж
22.05.2021 18:21:30.060 [Thread-2] WARN   building.Elevator - в лифт №1 на 1 этаже входит пассажир
22.05.2021 18:21:33.061 [Thread-1] INFO   b.f.StandardFloor - пассажир встал в очередь на верх на 3 этаже
22.05.2021 18:21:33.061 [Thread-3] INFO   building.Elevator - лифт №2 приехал на 5 этаж
22.05.2021 18:21:36.061 [Thread-3] WARN   building.Elevator - в лифт №2 на 5 этаже входит пассажир
22.05.2021 18:21:36.061 [Thread-3] WARN   building.Elevator - в лифт №2 на 5 этаже входит пассажир
22.05.2021 18:21:36.061 [Thread-3] WARN   building.Elevator - в лифт №2 на 5 этаже входит пассажир
22.05.2021 18:21:40.061 [Thread-1] INFO   b.f.StandardFloor - пассажир встал в очередь на низ на 5 этаже
22.05.2021 18:21:42.062 [Thread-3] INFO   building.Elevator - лифт №2 приехал на 6 этаж
22.05.2021 18:21:45.062 [Thread-3] WARN   building.Elevator - пассажир покинул лифт №2 на 6 этаже
22.05.2021 18:21:47.061 [Thread-1] INFO   b.f.StandardFloor - пассажир встал в очередь на верх на 3 этаже
22.05.2021 18:21:51.063 [Thread-3] INFO   building.Elevator - лифт №2 приехал на 7 этаж
22.05.2021 18:21:54.061 [Thread-1] INFO   b.f.StandardFloor - пассажир встал в очередь на низ на 5 этаже
22.05.2021 18:21:54.063 [Thread-3] WARN   building.Elevator - пассажир покинул лифт №2 на 7 этаже
22.05.2021 18:21:54.063 [Thread-3] WARN   building.Elevator - пассажир покинул лифт №2 на 7 этаже
22.05.2021 18:21:54.065 [Thread-3] WARN   building.Elevator - в лифт №2 на 7 этаже входит пассажир
22.05.2021 18:21:57.065 [Thread-0] INFO   building.Elevator - лифт вызывается на 7 этаж
22.05.2021 18:21:57.066 [Thread-2] INFO   building.Elevator - лифт №1 приехал на 5 этаж
22.05.2021 18:22:00.066 [Thread-2] WARN   building.Elevator - пассажир покинул лифт №1 на 5 этаже
22.05.2021 18:22:01.062 [Thread-1] INFO   b.f.StandardFloor - пассажир встал в очередь на низ на 4 этаже
22.05.2021 18:22:03.066 [Thread-0] INFO   building.Elevator - лифт вызывается на 6 этаж
22.05.2021 18:22:03.067 [Thread-3] INFO   building.Elevator - лифт №2 приехал на 7 этаж
22.05.2021 18:22:09.067 [Thread-1] INFO   b.f.StandardFloor - пассажир встал в очередь на низ на 3 этаже
22.05.2021 18:22:12.067 [Thread-2] INFO   building.Elevator - лифт №1 приехал на 6 этаж
22.05.2021 18:22:16.068 [Thread-1] INFO   b.f.StandardFloor - пассажир встал в очередь на верх на 2 этаже
22.05.2021 18:22:18.068 [Thread-0] INFO   building.Elevator - лифт вызывается на 6 этаж
22.05.2021 18:22:18.068 [Thread-3] INFO   building.Elevator - лифт №2 приехал на 5 этаж
22.05.2021 18:22:21.068 [Thread-3] WARN   building.Elevator - пассажир покинул лифт №2 на 5 этаже
22.05.2021 18:22:21.069 [Thread-3] WARN   building.Elevator - в лифт №2 на 5 этаже входит пассажир
22.05.2021 18:22:21.069 [Thread-3] WARN   building.Elevator - в лифт №2 на 5 этаже входит пассажир
22.05.2021 18:22:24.069 [Thread-1] INFO   b.floors.EndFloor - пассажир стал в очередь на низ на 7 этаже
22.05.2021 18:22:24.069 [Thread-0] INFO   building.Elevator - лифт вызывается на 7 этаж
22.05.2021 18:22:27.070 [Thread-2] INFO   building.Elevator - лифт №1 приехал на 6 этаж
22.05.2021 18:22:30.070 [Thread-2] WARN   building.Elevator - в лифт №1 на 6 этаже входит пассажир
22.05.2021 18:22:31.069 [Thread-1] INFO   b.f.StandardFloor - пассажир встал в очередь на низ на 3 этаже
22.05.2021 18:22:33.070 [Thread-0] INFO   building.Elevator - лифт вызывается на 1 этаж
22.05.2021 18:22:33.071 [Thread-3] INFO   building.Elevator - лифт №2 приехал на 7 этаж
22.05.2021 18:22:36.071 [Thread-3] WARN   building.Elevator - в лифт №2 на 7 этаже входит пассажир
22.05.2021 18:22:39.071 [Thread-1] INFO   b.f.StandardFloor - пассажир встал в очередь на низ на 2 этаже
22.05.2021 18:22:42.071 [Thread-3] INFO   building.Elevator - лифт №2 приехал на 6 этаж
22.05.2021 18:22:45.071 [Thread-3] WARN   building.Elevator - пассажир покинул лифт №2 на 6 этаже
22.05.2021 18:22:48.072 [Thread-2] INFO   building.Elevator - лифт №1 приехал на 4 этаж
22.05.2021 18:22:48.072 [Thread-1] INFO   b.f.StandardFloor - пассажир встал в очередь на верх на 5 этаже
22.05.2021 18:22:51.073 [Thread-2] WARN   building.Elevator - пассажир покинул лифт №1 на 4 этаже
22.05.2021 18:22:55.073 [Thread-1] INFO   b.f.StandardFloor - пассажир встал в очередь на низ на 3 этаже
22.05.2021 18:22:57.073 [Thread-3] INFO   building.Elevator - лифт №2 приехал на 4 этаж
22.05.2021 18:23:00.074 [Thread-3] WARN   building.Elevator - пассажир покинул лифт №2 на 4 этаже
22.05.2021 18:23:00.074 [Thread-3] WARN   building.Elevator - в лифт №2 на 4 этаже входит пассажир
22.05.2021 18:23:02.073 [Thread-1] INFO   b.f.StandardFloor - пассажир встал в очередь на низ на 3 этаже
22.05.2021 18:23:06.074 [Thread-3] INFO   building.Elevator - лифт №2 приехал на 3 этаж
22.05.2021 18:23:09.075 [Thread-3] WARN   building.Elevator - пассажир покинул лифт №2 на 3 этаже
22.05.2021 18:23:09.075 [Thread-3] WARN   building.Elevator - в лифт №2 на 3 этаже входит пассажир
22.05.2021 18:23:09.076 [Thread-3] WARN   building.Elevator - в лифт №2 на 3 этаже входит пассажир
22.05.2021 18:23:12.076 [Thread-2] INFO   building.Elevator - лифт №1 приехал на 1 этаж
22.05.2021 18:23:12.076 [Thread-1] INFO   b.floors.EndFloor - пассажир стал в очередь на низ на 7 этаже
22.05.2021 18:23:18.076 [Thread-0] INFO   building.Elevator - лифт вызывается на 4 этаж
22.05.2021 18:23:18.076 [Thread-3] INFO   building.Elevator - лифт №2 приехал на 2 этаж
22.05.2021 18:23:19.076 [Thread-1] INFO   b.f.StandardFloor - пассажир встал в очередь на низ на 3 этаже
22.05.2021 18:23:21.076 [Thread-3] WARN   building.Elevator - пассажир покинул лифт №2 на 2 этаже
22.05.2021 18:23:21.077 [Thread-3] WARN   building.Elevator - пассажир покинул лифт №2 на 2 этаже
22.05.2021 18:23:21.079 [Thread-3] WARN   building.Elevator - пассажир покинул лифт №2 на 2 этаже
22.05.2021 18:23:21.079 [Thread-3] WARN   building.Elevator - в лифт №2 на 2 этаже входит пассажир
22.05.2021 18:23:24.079 [Thread-0] INFO   building.Elevator - лифт вызывается на 2 этаж
22.05.2021 18:23:26.076 [Thread-1] INFO   b.f.StandardFloor - пассажир встал в очередь на низ на 4 этаже
22.05.2021 18:23:27.080 [Thread-3] INFO   building.Elevator - лифт №2 приехал на 2 этаж
22.05.2021 18:23:30.080 [Thread-3] WARN   building.Elevator - в лифт №2 на 2 этаже входит пассажир
22.05.2021 18:23:30.080 [Thread-3] WARN   building.Elevator - в лифт №2 на 2 этаже входит пассажир
22.05.2021 18:23:33.077 [Thread-1] INFO   b.f.StandardFloor - пассажир встал в очередь на верх на 2 этаже
22.05.2021 18:23:39.081 [Thread-2] INFO   building.Elevator - лифт №1 приехал на 4 этаж
22.05.2021 18:23:40.077 [Thread-1] INFO   b.f.StandardFloor - пассажир встал в очередь на верх на 3 этаже
22.05.2021 18:23:42.081 [Thread-2] WARN   building.Elevator - в лифт №1 на 4 этаже входит пассажир
22.05.2021 18:23:42.081 [Thread-2] WARN   building.Elevator - в лифт №1 на 4 этаже входит пассажир
22.05.2021 18:23:45.081 [Thread-3] INFO   building.Elevator - лифт №2 приехал на 5 этаж
22.05.2021 18:23:47.077 [Thread-1] INFO   b.f.StandardFloor - пассажир встал в очередь на верх на 5 этаже
22.05.2021 18:23:48.082 [Thread-3] WARN   building.Elevator - пассажир покинул лифт №2 на 5 этаже
22.05.2021 18:23:48.082 [Thread-3] WARN   building.Elevator - в лифт №2 на 5 этаже входит пассажир
22.05.2021 18:23:51.082 [Thread-2] INFO   building.Elevator - лифт №1 приехал на 3 этаж
22.05.2021 18:23:54.083 [Thread-2] WARN   building.Elevator - пассажир покинул лифт №1 на 3 этаже
22.05.2021 18:23:54.083 [Thread-2] WARN   building.Elevator - в лифт №1 на 3 этаже входит пассажир
22.05.2021 18:23:54.083 [Thread-2] WARN   building.Elevator - в лифт №1 на 3 этаже входит пассажир
22.05.2021 18:23:57.083 [Thread-3] INFO   building.Elevator - лифт №2 приехал на 6 этаж
22.05.2021 18:24:00.084 [Thread-3] WARN   building.Elevator - пассажир покинул лифт №2 на 6 этаже
22.05.2021 18:24:03.084 [Thread-2] INFO   building.Elevator - лифт №1 приехал на 2 этаж
22.05.2021 18:24:03.084 [Thread-1] INFO   b.floors.FirstFloor - пассажир встал в очередь на верх на 1 этаже
22.05.2021 18:24:06.084 [Thread-2] WARN   building.Elevator - пассажир покинул лифт №1 на 2 этаже
22.05.2021 18:24:09.085 [Thread-3] INFO   building.Elevator - лифт №2 приехал на 7 этаж
22.05.2021 18:24:10.085 [Thread-1] INFO   b.floors.FirstFloor - пассажир встал в очередь на верх на 1 этаже
22.05.2021 18:24:12.085 [Thread-3] WARN   building.Elevator - пассажир покинул лифт №2 на 7 этаже
22.05.2021 18:24:12.086 [Thread-3] WARN   building.Elevator - в лифт №2 на 7 этаже входит пассажир
22.05.2021 18:24:15.086 [Thread-2] INFO   building.Elevator - лифт №1 приехал на 1 этаж
22.05.2021 18:24:18.086 [Thread-2] WARN   building.Elevator - пассажир покинул лифт №1 на 1 этаже
22.05.2021 18:24:18.087 [Thread-2] WARN   building.Elevator - пассажир покинул лифт №1 на 1 этаже
22.05.2021 18:24:18.089 [Thread-2] WARN   building.Elevator - в лифт №1 на 1 этаже входит пассажир
22.05.2021 18:24:18.089 [Thread-2] WARN   building.Elevator - в лифт №1 на 1 этаже входит пассажир
22.05.2021 18:24:21.089 [Thread-1] INFO   b.f.StandardFloor - пассажир встал в очередь на верх на 4 этаже
22.05.2021 18:24:27.089 [Thread-2] INFO   building.Elevator - лифт №1 приехал на 3 этаж
22.05.2021 18:24:30.089 [Thread-2] WARN   building.Elevator - пассажир покинул лифт №1 на 3 этаже
22.05.2021 18:24:30.090 [Thread-2] WARN   building.Elevator - в лифт №1 на 3 этаже входит пассажир
22.05.2021 18:24:33.090 [Thread-1] INFO   b.floors.FirstFloor - пассажир встал в очередь на верх на 1 этаже
22.05.2021 18:24:36.090 [Thread-3] INFO   building.Elevator - лифт №2 приехал на 2 этаж
22.05.2021 18:24:39.091 [Thread-3] WARN   building.Elevator - пассажир покинул лифт №2 на 2 этаже
22.05.2021 18:24:39.091 [Thread-3] WARN   building.Elevator - в лифт №2 на 2 этаже входит пассажир
22.05.2021 18:24:39.091 [Thread-3] WARN   building.Elevator - в лифт №2 на 2 этаже входит пассажир
22.05.2021 18:24:42.092 [Thread-1] INFO   b.f.StandardFloor - пассажир встал в очередь на низ на 5 этаже
22.05.2021 18:24:42.092 [Thread-2] INFO   building.Elevator - лифт №1 приехал на 5 этаж
22.05.2021 18:24:45.092 [Thread-2] WARN   building.Elevator - пассажир покинул лифт №1 на 5 этаже
22.05.2021 18:24:45.093 [Thread-2] WARN   building.Elevator - в лифт №1 на 5 этаже входит пассажир
22.05.2021 18:24:49.092 [Thread-1] INFO   b.floors.FirstFloor - пассажир встал в очередь на верх на 1 этаже
22.05.2021 18:24:54.093 [Thread-3] INFO   building.Elevator - лифт №2 приехал на 5 этаж
22.05.2021 18:24:56.092 [Thread-1] INFO   b.floors.FirstFloor - пассажир встал в очередь на верх на 1 этаже
22.05.2021 18:24:57.093 [Thread-3] WARN   building.Elevator - пассажир покинул лифт №2 на 5 этаже
22.05.2021 18:24:57.094 [Thread-3] WARN   building.Elevator - пассажир покинул лифт №2 на 5 этаже
22.05.2021 18:24:57.096 [Thread-3] WARN   building.Elevator - в лифт №2 на 5 этаже входит пассажир
22.05.2021 18:25:03.092 [Thread-1] INFO   b.f.StandardFloor - пассажир встал в очередь на верх на 5 этаже
22.05.2021 18:25:03.096 [Thread-2] INFO   building.Elevator - лифт №1 приехал на 1 этаж
22.05.2021 18:25:06.097 [Thread-2] WARN   building.Elevator - пассажир покинул лифт №1 на 1 этаже
22.05.2021 18:25:06.097 [Thread-2] WARN   building.Elevator - пассажир покинул лифт №1 на 1 этаже
22.05.2021 18:25:06.099 [Thread-2] WARN   building.Elevator - в лифт №1 на 1 этаже входит пассажир
22.05.2021 18:25:06.099 [Thread-2] WARN   building.Elevator - в лифт №1 на 1 этаже входит пассажир
22.05.2021 18:25:09.099 [Thread-3] INFO   building.Elevator - лифт №2 приехал на 7 этаж
22.05.2021 18:25:10.093 [Thread-1] INFO   b.floors.FirstFloor - пассажир встал в очередь на верх на 1 этаже
22.05.2021 18:25:12.100 [Thread-3] WARN   building.Elevator - пассажир покинул лифт №2 на 7 этаже
22.05.2021 18:25:15.100 [Thread-2] INFO   building.Elevator - лифт №1 приехал на 2 этаж
22.05.2021 18:25:18.101 [Thread-2] WARN   building.Elevator - пассажир покинул лифт №1 на 2 этаже
22.05.2021 18:25:21.101 [Thread-1] INFO   b.f.StandardFloor - пассажир встал в очередь на низ на 5 этаже
22.05.2021 18:25:28.102 [Thread-1] INFO   b.f.StandardFloor - пассажир встал в очередь на верх на 4 этаже
22.05.2021 18:25:30.102 [Thread-2] INFO   building.Elevator - лифт №1 приехал на 5 этаж
22.05.2021 18:25:33.102 [Thread-2] WARN   building.Elevator - пассажир покинул лифт №1 на 5 этаже
22.05.2021 18:25:33.102 [Thread-2] WARN   building.Elevator - в лифт №1 на 5 этаже входит пассажир
22.05.2021 18:25:35.102 [Thread-1] INFO   b.floors.FirstFloor - пассажир встал в очередь на верх на 1 этаже
22.05.2021 18:25:39.103 [Thread-3] INFO   building.Elevator - лифт №2 приехал на 1 этаж
22.05.2021 18:25:42.103 [Thread-3] WARN   building.Elevator - пассажир покинул лифт №2 на 1 этаже
22.05.2021 18:25:42.103 [Thread-3] WARN   building.Elevator - в лифт №2 на 1 этаже входит пассажир
22.05.2021 18:25:42.103 [Thread-3] WARN   building.Elevator - в лифт №2 на 1 этаже входит пассажир
22.05.2021 18:25:42.103 [Thread-3] WARN   building.Elevator - в лифт №2 на 1 этаже входит пассажир
22.05.2021 18:25:45.104 [Thread-1] INFO   b.f.StandardFloor - пассажир встал в очередь на низ на 4 этаже
22.05.2021 18:25:48.104 [Thread-3] INFO   building.Elevator - лифт №2 приехал на 2 этаж
22.05.2021 18:25:51.104 [Thread-3] WARN   building.Elevator - пассажир покинул лифт №2 на 2 этаже
22.05.2021 18:25:51.104 [Thread-3] WARN   building.Elevator - в лифт №2 на 2 этаже входит пассажир
22.05.2021 18:25:52.104 [Thread-1] INFO   b.f.StandardFloor - пассажир встал в очередь на верх на 4 этаже
22.05.2021 18:25:54.105 [Thread-2] INFO   building.Elevator - лифт №1 приехал на 2 этаж
22.05.2021 18:25:57.105 [Thread-2] WARN   building.Elevator - пассажир покинул лифт №1 на 2 этаже
22.05.2021 18:25:59.104 [Thread-1] INFO   b.f.StandardFloor - пассажир встал в очередь на верх на 5 этаже
22.05.2021 18:26:00.106 [Thread-0] INFO   building.Elevator - лифт вызывается на 3 этаж
22.05.2021 18:26:03.106 [Thread-2] INFO   building.Elevator - лифт №1 приехал на 3 этаж
22.05.2021 18:26:06.104 [Thread-1] INFO   b.f.StandardFloor - пассажир встал в очередь на низ на 4 этаже
22.05.2021 18:26:06.106 [Thread-2] WARN   building.Elevator - в лифт №1 на 3 этаже входит пассажир
22.05.2021 18:26:06.106 [Thread-2] WARN   building.Elevator - в лифт №1 на 3 этаже входит пассажир
22.05.2021 18:26:06.107 [Thread-2] WARN   building.Elevator - в лифт №1 на 3 этаже входит пассажир
22.05.2021 18:26:12.107 [Thread-2] INFO   building.Elevator - лифт №1 приехал на 4 этаж
22.05.2021 18:26:15.107 [Thread-2] WARN   building.Elevator - пассажир покинул лифт №1 на 4 этаже
22.05.2021 18:26:15.108 [Thread-2] WARN   building.Elevator - в лифт №1 на 4 этаже входит пассажир
22.05.2021 18:26:18.108 [Thread-1] INFO   b.f.StandardFloor - пассажир встал в очередь на низ на 3 этаже
22.05.2021 18:26:18.108 [Thread-3] INFO   building.Elevator - лифт №2 приехал на 5 этаж
22.05.2021 18:26:21.108 [Thread-3] WARN   building.Elevator - пассажир покинул лифт №2 на 5 этаже
22.05.2021 18:26:21.109 [Thread-3] WARN   building.Elevator - в лифт №2 на 5 этаже входит пассажир
22.05.2021 18:26:24.110 [Thread-2] INFO   building.Elevator - лифт №1 приехал на 5 этаж
22.05.2021 18:26:27.110 [Thread-2] WARN   building.Elevator - пассажир покинул лифт №1 на 5 этаже
22.05.2021 18:26:27.111 [Thread-2] WARN   building.Elevator - пассажир покинул лифт №1 на 5 этаже
22.05.2021 18:26:27.111 [Thread-2] WARN   building.Elevator - пассажир покинул лифт №1 на 5 этаже
22.05.2021 18:26:27.111 [Thread-2] WARN   building.Elevator - в лифт №1 на 5 этаже входит пассажир
22.05.2021 18:26:30.111 [Thread-3] INFO   building.Elevator - лифт №2 приехал на 6 этаж
22.05.2021 18:26:33.112 [Thread-3] WARN   building.Elevator - пассажир покинул лифт №2 на 6 этаже
22.05.2021 18:26:36.113 [Thread-2] INFO   building.Elevator - лифт №1 приехал на 6 этаж
22.05.2021 18:26:36.113 [Thread-1] INFO   b.floors.EndFloor - пассажир стал в очередь на низ на 7 этаже
22.05.2021 18:26:39.113 [Thread-2] WARN   building.Elevator - пассажир покинул лифт №1 на 6 этаже
22.05.2021 18:26:42.114 [Thread-0] INFO   building.Elevator - лифт вызывается на 6 этаж
22.05.2021 18:26:42.114 [Thread-3] INFO   building.Elevator - лифт №2 приехал на 7 этаж
22.05.2021 18:26:45.114 [Thread-3] WARN   building.Elevator - пассажир покинул лифт №2 на 7 этаже
22.05.2021 18:26:45.114 [Thread-3] WARN   building.Elevator - пассажир покинул лифт №2 на 7 этаже
22.05.2021 18:26:45.115 [Thread-3] WARN   building.Elevator - в лифт №2 на 7 этаже входит пассажир
22.05.2021 18:26:48.115 [Thread-0] INFO   building.Elevator - лифт вызывается на 7 этаж
22.05.2021 18:26:48.115 [Thread-1] INFO   b.floors.FirstFloor - пассажир встал в очередь на верх на 1 этаже
22.05.2021 18:26:51.115 [Thread-3] INFO   building.Elevator - лифт №2 приехал на 7 этаж
22.05.2021 18:26:57.116 [Thread-2] INFO   building.Elevator - лифт №1 приехал на 6 этаж
22.05.2021 18:26:57.116 [Thread-1] INFO   b.f.StandardFloor - пассажир встал в очередь на низ на 6 этаже
22.05.2021 18:27:00.116 [Thread-2] WARN   building.Elevator - в лифт №1 на 6 этаже входит пассажир
22.05.2021 18:27:03.116 [Thread-3] INFO   building.Elevator - лифт №2 приехал на 6 этаж
22.05.2021 18:27:06.116 [Thread-3] WARN   building.Elevator - пассажир покинул лифт №2 на 6 этаже
22.05.2021 18:27:09.117 [Thread-0] INFO   building.Elevator - лифт вызывается на 3 этаж
22.05.2021 18:27:09.117 [Thread-2] INFO   building.Elevator - лифт №1 приехал на 5 этаж
22.05.2021 18:27:12.117 [Thread-2] WARN   building.Elevator - пассажир покинул лифт №1 на 5 этаже
22.05.2021 18:27:15.118 [Thread-1] INFO   b.f.StandardFloor - пассажир встал в очередь на низ на 6 этаже
22.05.2021 18:27:15.118 [Thread-0] INFO   building.Elevator - лифт вызывается на 5 этаж
22.05.2021 18:27:18.118 [Thread-2] INFO   building.Elevator - лифт №1 приехал на 5 этаж
22.05.2021 18:27:22.118 [Thread-1] INFO   b.f.StandardFloor - пассажир встал в очередь на верх на 2 этаже
22.05.2021 18:27:24.119 [Thread-0] INFO   building.Elevator - лифт вызывается на 7 этаж
22.05.2021 18:27:27.119 [Thread-3] INFO   building.Elevator - лифт №2 приехал на 3 этаж
22.05.2021 18:27:29.118 [Thread-1] INFO   b.floors.FirstFloor - пассажир встал в очередь на верх на 1 этаже
22.05.2021 18:27:30.119 [Thread-3] WARN   building.Elevator - в лифт №2 на 3 этаже входит пассажир
22.05.2021 18:27:33.119 [Thread-2] INFO   building.Elevator - лифт №1 приехал на 7 этаж
22.05.2021 18:27:36.118 [Thread-1] INFO   b.f.StandardFloor - пассажир встал в очередь на низ на 6 этаже
22.05.2021 18:27:39.120 [Thread-0] INFO   building.Elevator - лифт вызывается на 3 этаж
22.05.2021 18:27:39.120 [Thread-3] INFO   building.Elevator - лифт №2 приехал на 2 этаж
22.05.2021 18:27:42.120 [Thread-3] WARN   building.Elevator - пассажир покинул лифт №2 на 2 этаже
22.05.2021 18:27:45.121 [Thread-0] INFO   building.Elevator - лифт вызывается на 7 этаж
22.05.2021 18:27:45.121 [Thread-1] INFO   b.f.StandardFloor - пассажир встал в очередь на низ на 2 этаже
22.05.2021 18:27:52.121 [Thread-1] INFO   b.floors.EndFloor - пассажир стал в очередь на низ на 7 этаже
22.05.2021 18:27:57.122 [Thread-2] INFO   building.Elevator - лифт №1 приехал на 3 этаж
22.05.2021 18:27:59.122 [Thread-1] INFO   b.f.StandardFloor - пассажир встал в очередь на верх на 4 этаже
22.05.2021 18:28:03.122 [Thread-0] INFO   building.Elevator - лифт вызывается на 2 этаж
22.05.2021 18:28:03.122 [Thread-3] INFO   building.Elevator - лифт №2 приехал на 7 этаж
22.05.2021 18:28:06.123 [Thread-3] WARN   building.Elevator - в лифт №2 на 7 этаже входит пассажир
22.05.2021 18:28:09.123 [Thread-1] INFO   b.f.StandardFloor - пассажир встал в очередь на верх на 3 этаже
22.05.2021 18:28:12.123 [Thread-2] INFO   building.Elevator - лифт №1 приехал на 2 этаж
22.05.2021 18:28:15.123 [Thread-2] WARN   building.Elevator - в лифт №1 на 2 этаже входит пассажир
22.05.2021 18:28:15.123 [Thread-2] WARN   building.Elevator - в лифт №1 на 2 этаже входит пассажир
22.05.2021 18:28:18.123 [Thread-1] INFO   b.f.StandardFloor - пассажир встал в очередь на верх на 5 этаже
22.05.2021 18:28:21.123 [Thread-2] INFO   building.Elevator - лифт №1 приехал на 3 этаж
22.05.2021 18:28:24.124 [Thread-2] WARN   building.Elevator - пассажир покинул лифт №1 на 3 этаже
22.05.2021 18:28:24.124 [Thread-2] WARN   building.Elevator - в лифт №1 на 3 этаже входит пассажир
22.05.2021 18:28:25.124 [Thread-1] INFO   b.f.StandardFloor - пассажир встал в очередь на низ на 6 этаже
22.05.2021 18:28:32.124 [Thread-1] INFO   b.f.StandardFloor - пассажир встал в очередь на верх на 2 этаже
22.05.2021 18:28:33.124 [Thread-2] INFO   building.Elevator - лифт №1 приехал на 5 этаж
22.05.2021 18:28:36.125 [Thread-2] WARN   building.Elevator - пассажир покинул лифт №1 на 5 этаже
22.05.2021 18:28:36.125 [Thread-2] WARN   building.Elevator - в лифт №1 на 5 этаже входит пассажир
22.05.2021 18:28:39.124 [Thread-1] INFO   b.floors.FirstFloor - пассажир встал в очередь на верх на 1 этаже
22.05.2021 18:28:42.125 [Thread-2] INFO   building.Elevator - лифт №1 приехал на 6 этаж
22.05.2021 18:28:45.125 [Thread-2] WARN   building.Elevator - пассажир покинул лифт №1 на 6 этаже
22.05.2021 18:28:45.126 [Thread-2] WARN   building.Elevator - пассажир покинул лифт №1 на 6 этаже
22.05.2021 18:28:46.125 [Thread-1] INFO   b.f.StandardFloor - пассажир встал в очередь на низ на 4 этаже
22.05.2021 18:28:48.128 [Thread-0] INFO   building.Elevator - лифт вызывается на 5 этаж
22.05.2021 18:28:48.128 [Thread-3] INFO   building.Elevator - лифт №2 приехал на 1 этаж
22.05.2021 18:28:51.128 [Thread-3] WARN   building.Elevator - пассажир покинул лифт №2 на 1 этаже
22.05.2021 18:28:51.129 [Thread-3] WARN   building.Elevator - в лифт №2 на 1 этаже входит пассажир
22.05.2021 18:28:51.129 [Thread-3] WARN   building.Elevator - в лифт №2 на 1 этаже входит пассажир
22.05.2021 18:28:53.125 [Thread-1] INFO   b.floors.FirstFloor - пассажир встал в очередь на верх на 1 этаже
22.05.2021 18:28:54.129 [Thread-0] INFO   building.Elevator - лифт вызывается на 6 этаж
22.05.2021 18:28:57.129 [Thread-3] INFO   building.Elevator - лифт №2 приехал на 2 этаж
22.05.2021 18:29:00.129 [Thread-3] WARN   building.Elevator - пассажир покинул лифт №2 на 2 этаже
22.05.2021 18:29:00.130 [Thread-3] WARN   building.Elevator - в лифт №2 на 2 этаже входит пассажир
22.05.2021 18:29:03.130 [Thread-2] INFO   building.Elevator - лифт №1 приехал на 5 этаж
22.05.2021 18:29:03.130 [Thread-1] INFO   b.f.StandardFloor - пассажир встал в очередь на низ на 3 этаже
22.05.2021 18:29:09.130 [Thread-0] INFO   building.Elevator - лифт вызывается на 4 этаж
22.05.2021 18:29:10.130 [Thread-1] INFO   b.f.StandardFloor - пассажир встал в очередь на низ на 5 этаже
22.05.2021 18:29:12.130 [Thread-2] INFO   building.Elevator - лифт №1 приехал на 4 этаж
22.05.2021 18:29:15.131 [Thread-2] WARN   building.Elevator - в лифт №1 на 4 этаже входит пассажир
22.05.2021 18:29:15.131 [Thread-2] WARN   building.Elevator - в лифт №1 на 4 этаже входит пассажир
22.05.2021 18:29:15.132 [Thread-2] WARN   building.Elevator - в лифт №1 на 4 этаже входит пассажир
22.05.2021 18:29:18.132 [Thread-3] INFO   building.Elevator - лифт №2 приехал на 5 этаж
22.05.2021 18:29:18.132 [Thread-1] INFO   b.f.StandardFloor - пассажир встал в очередь на верх на 3 этаже
22.05.2021 18:29:21.133 [Thread-3] WARN   building.Elevator - пассажир покинул лифт №2 на 5 этаже
22.05.2021 18:29:21.133 [Thread-3] WARN   building.Elevator - в лифт №2 на 5 этаже входит пассажир
22.05.2021 18:29:24.133 [Thread-2] INFO   building.Elevator - лифт №1 приехал на 3 этаж
22.05.2021 18:29:25.133 [Thread-1] INFO   b.f.StandardFloor - пассажир встал в очередь на верх на 3 этаже
22.05.2021 18:29:27.133 [Thread-2] WARN   building.Elevator - пассажир покинул лифт №1 на 3 этаже
22.05.2021 18:29:27.134 [Thread-2] WARN   building.Elevator - в лифт №1 на 3 этаже входит пассажир
22.05.2021 18:29:30.134 [Thread-3] INFO   building.Elevator - лифт №2 приехал на 6 этаж
22.05.2021 18:29:33.135 [Thread-3] WARN   building.Elevator - в лифт №2 на 6 этаже входит пассажир
22.05.2021 18:29:36.135 [Thread-2] INFO   building.Elevator - лифт №1 приехал на 2 этаж
22.05.2021 18:29:39.135 [Thread-2] WARN   building.Elevator - пассажир покинул лифт №1 на 2 этаже
22.05.2021 18:29:39.136 [Thread-2] WARN   building.Elevator - пассажир покинул лифт №1 на 2 этаже
22.05.2021 18:29:42.137 [Thread-3] INFO   building.Elevator - лифт №2 приехал на 5 этаж
22.05.2021 18:29:42.137 [Thread-1] INFO   b.f.StandardFloor - пассажир встал в очередь на низ на 5 этаже
22.05.2021 18:29:45.137 [Thread-3] WARN   building.Elevator - пассажир покинул лифт №2 на 5 этаже
22.05.2021 18:29:45.138 [Thread-3] WARN   building.Elevator - в лифт №2 на 5 этаже входит пассажир
22.05.2021 18:29:48.138 [Thread-2] INFO   building.Elevator - лифт №1 приехал на 1 этаж
22.05.2021 18:29:49.138 [Thread-1] INFO   b.f.StandardFloor - пассажир встал в очередь на верх на 2 этаже
